<?xml version="1.0" encoding="UTF-8"?>
<testng-results skipped="0" failed="0" ignored="0" total="1" passed="1">
  <reporter-output>
  </reporter-output>
  <suite name="Default suite" duration-ms="160311" started-at="2018-07-27T07:15:43Z" finished-at="2018-07-27T07:18:23Z">
    <groups>
    </groups>
    <test name="Default test" duration-ms="160311" started-at="2018-07-27T07:15:43Z" finished-at="2018-07-27T07:18:23Z">
      <class name="com.test.NewTest7">
        <test-method status="PASS" signature="testLogin()[pri:0, instance:com.test.NewTest7@29774679]" name="testLogin" duration-ms="160266" started-at="2018-07-27T07:15:43Z" finished-at="2018-07-27T07:18:23Z">
          <reporter-output>
          </reporter-output>
        </test-method> <!-- testLogin -->
      </class> <!-- com.test.NewTest7 -->
    </test> <!-- Default test -->
  </suite> <!-- Default suite -->
</testng-results>
